[2014-12-11 01:48:21][INFO] IOS/High
[2014-12-11 01:59:08][INFO] IOS/High
[2014-12-11 02:41:05][INFO] IOS/High
[2014-12-11 02:59:55][INFO] IOS/High
[2014-12-11 04:07:45][INFO] Hello Man
[2014-12-11 04:08:13][INFO] Hello Man
[2014-12-11 04:10:03][INFO] LoginCanvas
[2014-12-11 04:13:23][INFO] LoginCanvas
[2014-12-11 04:15:51][INFO] LoginCanvas(Clone)
[2014-12-11 04:38:24][INFO] Interface de Login
[2014-12-11 04:38:51][INFO] Interface de Login
[2014-12-11 04:40:11][INFO] Interface de Login
[2014-12-11 04:40:11][ERROR] Problem to load asset
[2014-12-11 04:40:11][ERROR] Problem to load asset
[2014-12-11 04:42:33][INFO] Interface de Login
[2014-12-11 04:42:33][ERROR] Problem to load asset
[2014-12-11 04:42:33][ERROR] Problem to load asset
[2014-12-11 04:55:45][ERROR] Problem to load asset
[2014-12-11 06:50:07][ERROR] Problem to load asset
[2014-12-11 07:14:09][ERROR] Problem to load asset
[2014-12-11 07:14:09][ERROR] Problem to load asset
[2014-12-11 07:14:09][ERROR] Problem to load asset
[2014-12-11 07:14:56][ERROR] Problem to load asset
[2014-12-11 07:14:56][ERROR] Problem to load asset
[2014-12-11 07:14:56][ERROR] Problem to load asset
[2014-12-11 07:15:13][ERROR] Problem to load asset
[2014-12-11 07:15:13][ERROR] Problem to load asset
[2014-12-11 07:15:13][ERROR] Problem to load asset
[2014-12-11 07:15:42][INFO] Common/High/Scenes/StartScene/BateRebate
[2014-12-11 07:15:42][ERROR] Problem to load asset
[2014-12-11 07:15:42][INFO] Common/High/Scenes/StartScene/BateRebate
[2014-12-11 07:15:42][ERROR] Problem to load asset
[2014-12-11 07:15:42][INFO] Common/High/Scenes/StartScene/BateRebate
[2014-12-11 07:15:42][ERROR] Problem to load asset
[2014-12-11 07:20:14][INFO] Common/High/Scenes/StartScene/BateRebate
[2014-12-11 07:20:14][ERROR] Problem to load asset
[2014-12-11 07:20:14][INFO] Common/High/Scenes/StartScene/BateRebate
[2014-12-11 07:20:14][ERROR] Problem to load asset
[2014-12-11 07:20:14][INFO] Common/High/Scenes/StartScene/BateRebate
[2014-12-11 07:20:14][ERROR] Problem to load asset
[2014-12-11 07:20:36][INFO] Common/High/Scenes/StartScene/BateRebate
[2014-12-11 07:20:36][ERROR] Problem to load asset
[2014-12-11 07:20:36][INFO] Common/High/Scenes/StartScene/BateRebate
[2014-12-11 07:20:36][ERROR] Problem to load asset
[2014-12-11 07:20:36][INFO] Common/High/Scenes/StartScene/BateRebate
[2014-12-11 07:20:36][ERROR] Problem to load asset
[2014-12-11 07:20:54][INFO] IOS/High/Scenes/StartScene/BateRebate
[2014-12-11 07:20:54][INFO] IOS/High/Scenes/StartScene/BateRebate
[2014-12-11 07:20:54][INFO] IOS/High/Scenes/StartScene/BateRebate
[2014-12-11 07:22:53][INFO] IOS/High/Scenes/StartScene/BateRebate
[2014-12-11 07:22:53][INFO] IOS/High/Scenes/StartScene/Button_CataBalao
[2014-12-11 07:22:53][INFO] IOS/High/Scenes/StartScene/QuebraCuca
[2014-12-11 07:25:05][INFO] IOS/High/Scenes/StartScene/BateRebate
[2014-12-11 07:25:05][INFO] IOS/High/Scenes/StartScene/Button_CataBalao
[2014-12-11 07:25:05][INFO] IOS/High/Scenes/StartScene/QuebraCuca
[2014-12-11 07:25:05][INFO] IOS/High/Scenes/StartScene/QuebraCuca
[2014-12-11 07:25:27][INFO] IOS/High/Scenes/StartScene/BateRebate
[2014-12-11 07:25:27][INFO] IOS/High/Scenes/StartScene/Button_CataBalao
[2014-12-11 07:25:27][INFO] IOS/High/Scenes/StartScene/QuebraCuca
[2014-12-11 07:25:27][INFO] IOS/High/Scenes/StartScene/Background
[2014-12-11 07:26:12][INFO] IOS/High/Scenes/StartScene/BateRebate
[2014-12-11 07:26:12][INFO] IOS/High/Scenes/StartScene/Button_CataBalao
[2014-12-11 07:26:12][INFO] IOS/High/Scenes/StartScene/QuebraCuca
[2014-12-11 07:26:12][INFO] IOS/High/Scenes/StartScene/Background
[2014-12-11 07:30:18][INFO] IOS/High/Scenes/StartScene/BateRebate
[2014-12-11 07:30:18][INFO] IOS/High/Scenes/StartScene/Button_CataBalao
[2014-12-11 07:30:18][INFO] IOS/High/Scenes/StartScene/QuebraCuca
[2014-12-11 07:30:18][INFO] IOS/High/Scenes/StartScene/Background
[2014-12-11 07:31:50][INFO] IOS/High/Scenes/StartScene/BateRebate
[2014-12-11 07:31:50][INFO] IOS/High/Scenes/StartScene/Button_CataBalao
[2014-12-11 07:31:50][INFO] IOS/High/Scenes/StartScene/QuebraCuca
[2014-12-11 07:31:50][INFO] IOS/High/Scenes/StartScene/Background
[2014-12-11 07:32:38][INFO] IOS/High/Scenes/StartScene/BateRebate
[2014-12-11 07:32:38][INFO] IOS/High/Scenes/StartScene/Button_CataBalao
[2014-12-11 07:32:38][INFO] IOS/High/Scenes/StartScene/QuebraCuca
[2014-12-11 07:32:38][INFO] IOS/High/Scenes/StartScene/Background
[2014-12-11 07:34:05][INFO] IOS/High/Scenes/StartScene/BateRebate
[2014-12-11 07:34:06][INFO] IOS/High/Scenes/StartScene/Button_CataBalao
[2014-12-11 07:34:06][INFO] IOS/High/Scenes/StartScene/QuebraCuca
[2014-12-11 07:34:06][INFO] IOS/High/Scenes/StartScene/Background
[2014-12-11 07:36:46][INFO] IOS/High/Scenes/StartScene/BateRebate
[2014-12-11 07:36:46][INFO] IOS/High/Scenes/StartScene/Button_CataBalao
[2014-12-11 07:36:46][INFO] IOS/High/Scenes/StartScene/QuebraCuca
[2014-12-11 07:36:46][INFO] IOS/High/Scenes/StartScene/Background
